<?xml version="1.0" encoding="UTF-8"?>
<testng-results ignored="0" total="1" passed="1" failed="0" skipped="0">
  <reporter-output>
  </reporter-output>
  <suite started-at="2022-02-16T23:15:05 BDT" name="Default suite" finished-at="2022-02-16T23:15:24 BDT" duration-ms="19200">
    <groups>
    </groups>
    <test started-at="2022-02-16T23:15:05 BDT" name="Default test" finished-at="2022-02-16T23:15:24 BDT" duration-ms="19200">
      <class name="uncommon.TestCase">
        <test-method signature="verifyLinks()[pri:0, instance:uncommon.TestCase@71809907]" started-at="2022-02-16T23:15:05 BDT" name="verifyLinks" finished-at="2022-02-16T23:15:24 BDT" duration-ms="19124" status="PASS">
          <reporter-output>
          </reporter-output>
        </test-method> <!-- verifyLinks -->
      </class> <!-- uncommon.TestCase -->
    </test> <!-- Default test -->
  </suite> <!-- Default suite -->
</testng-results>
